<?xml version="1.0" encoding="UTF-8"?>
<!-- Generated by org.testng.reporters.JUnitXMLReporter -->
<testsuite hostname="vinayak-PC" ignored="0" name="Test1" tests="1" failures="0" timestamp="21 Jun 2019 03:42:05 GMT" time="53.567" errors="0">
  <testcase name="@BeforeTest beforeTest" time="0.449" classname="com.mavenProject.SecondDayMaven.NewTestng">
    <failure type="java.lang.IllegalStateException" message="The driver executable does not exist: D:\classWorkspace\SecondDayMaven\Resource\geckodriver.exe">
      <![CDATA[java.lang.IllegalStateException: The driver executable does not exist: D:\classWorkspace\SecondDayMaven\Resource\geckodriver.exe
at com.google.common.base.Preconditions.checkState(Preconditions.java:585)
at org.openqa.selenium.remote.service.DriverService.checkExecutable(DriverService.java:137)
at org.openqa.selenium.remote.service.DriverService.findExecutable(DriverService.java:132)
at org.openqa.selenium.firefox.GeckoDriverService.access$100(GeckoDriverService.java:43)
at org.openqa.selenium.firefox.GeckoDriverService$Builder.findDefaultExecutable(GeckoDriverService.java:168)
at org.openqa.selenium.remote.service.DriverService$Builder.build(DriverService.java:346)
at org.openqa.selenium.firefox.FirefoxDriver.toExecutor(FirefoxDriver.java:168)
at org.openqa.selenium.firefox.FirefoxDriver.<init>(FirefoxDriver.java:125)
at org.openqa.selenium.firefox.FirefoxDriver.<init>(FirefoxDriver.java:103)
at com.mavenProject.SecondDayMaven.NewTestng.beforeTest(NewTestng.java:37)
at java.util.concurrent.FutureTask.run(Unknown Source)
at java.util.concurrent.ThreadPoolExecutor.runWorker(Unknown Source)
at java.util.concurrent.ThreadPoolExecutor$Worker.run(Unknown Source)
at java.lang.Thread.run(Unknown Source)
... Removed 15 stack frames]]>
    </failure>
  </testcase> <!-- @BeforeTest beforeTest -->
  <testcase name="@AfterTest afterTest" time="0.0" classname="com.mavenProject.SecondDayMaven.NewTestng">
    <skipped/>
  </testcase> <!-- @AfterTest afterTest -->
  <testcase name="f" time="34.187" classname="com.mavenProject.SecondDayMaven.NewTestng"/>
</testsuite> <!-- Test1 -->
