<?xml version="1.0" encoding="UTF-8"?>
<testng-results skipped="0" failed="0" ignored="0" total="2" passed="2">
  <reporter-output>
  </reporter-output>
  <suite name="Default suite" duration-ms="43453" started-at="2019-07-04T03:13:30Z" finished-at="2019-07-04T03:14:14Z">
    <groups>
      <group name="cucumber">
        <method signature="AbstractTestNGCucumberTests.feature(cucumber.api.testng.CucumberFeatureWrapper)[pri:0, instance:com.runnerclass.Runner@1e8284b]" name="feature" class="cucumber.api.testng.AbstractTestNGCucumberTests"/>
      </group> <!-- cucumber -->
    </groups>
    <test name="Default test" duration-ms="43453" started-at="2019-07-04T03:13:30Z" finished-at="2019-07-04T03:14:14Z">
      <class name="com.runnerclass.Runner">
        <test-method status="PASS" signature="setUpClass()[pri:0, instance:com.runnerclass.Runner@1e8284b]" name="setUpClass" is-config="true" duration-ms="1120" started-at="2019-07-04T03:13:30Z" finished-at="2019-07-04T03:13:31Z">
          <reporter-output>
          </reporter-output>
        </test-method> <!-- setUpClass -->
        <test-method status="PASS" signature="feature(cucumber.api.testng.CucumberFeatureWrapper)[pri:0, instance:com.runnerclass.Runner@1e8284b]" name="feature" duration-ms="41842" started-at="2019-07-04T03:13:32Z" description="Runs Cucumber Feature" data-provider="features" finished-at="2019-07-04T03:14:14Z">
          <params>
            <param index="0">
              <value>
                <![CDATA[We want to automate Oranage HRM site in a new feature file]]>
              </value>
            </param>
          </params>
          <reporter-output>
          </reporter-output>
        </test-method> <!-- feature -->
        <test-method status="PASS" signature="f()[pri:0, instance:com.runnerclass.Runner@1e8284b]" name="f" duration-ms="18" started-at="2019-07-04T03:14:14Z" finished-at="2019-07-04T03:14:14Z">
          <reporter-output>
          </reporter-output>
        </test-method> <!-- f -->
        <test-method status="PASS" signature="tearDownClass()[pri:0, instance:com.runnerclass.Runner@1e8284b]" name="tearDownClass" is-config="true" duration-ms="39" started-at="2019-07-04T03:14:14Z" finished-at="2019-07-04T03:14:14Z">
          <reporter-output>
          </reporter-output>
        </test-method> <!-- tearDownClass -->
      </class> <!-- com.runnerclass.Runner -->
    </test> <!-- Default test -->
  </suite> <!-- Default suite -->
</testng-results>
